Base path: D:/unity3d/Editor/Data
Pipe name: \\.\pipe\UnityShaderCompiler-2-372
Cmd: getPlatforms
Cmd: compileSnippet
  api=1 type=0 insize=898 outsize=158 kw= ok=1
Cmd: compileSnippet
  api=8 type=1 insize=898 outsize=1048 kw= ok=1
Cmd: compileSnippet
  api=0 type=0 insize=7115 outsize=1634 kw=DIRECTIONAL LIGHTMAP_OFF DIRLIGHTMAP_OFF ok=1
Cmd: compileSnippet
  api=0 type=1 insize=7115 outsize=832 kw=DIRECTIONAL LIGHTMAP_ON DIRLIGHTMAP_OFF ok=1
Cmd: compileSnippet
  error: 2 plat 8 at (64): 'vert': output parameter 'o' not completely initialized
  error: 1 plat 8 at (84): implicit truncation of vector type
  api=8 type=0 insize=4847 outsize=0 kw=POINT ok=0
Cmd: compileSnippet
  api=1 type=0 insize=4847 outsize=788 kw=DIRECTIONAL ok=1
Cmd: compileSnippet
  api=0 type=0 insize=4847 outsize=1549 kw=SPOT ok=1
Cmd: compileSnippet
  api=4 type=0 insize=4847 outsize=4223 kw=SPOT ok=1
Cmd: compileSnippet
  api=1 type=0 insize=4847 outsize=909 kw=DIRECTIONAL_COOKIE ok=1
Cmd: compileSnippet
  api=0 type=1 insize=4847 outsize=1380 kw=DIRECTIONAL ok=1
Cmd: compileSnippet
  api=4 type=1 insize=4847 outsize=3606 kw=DIRECTIONAL ok=1
Cmd: compileSnippet
  api=1 type=1 insize=4847 outsize=1471 kw=SPOT ok=1
Cmd: compileSnippet
  api=8 type=1 insize=4847 outsize=6671 kw=SPOT ok=1
Cmd: compileSnippet
  api=0 type=0 insize=6012 outsize=470 kw=DIRECTIONAL LIGHTMAP_ON DIRLIGHTMAP_OFF ok=1
Cmd: compileSnippet
  api=8 type=0 insize=6012 outsize=2243 kw=DIRECTIONAL LIGHTMAP_ON DIRLIGHTMAP_OFF ok=1
Cmd: compileSnippet
  api=1 type=0 insize=6012 outsize=1560 kw=DIRECTIONAL LIGHTMAP_OFF DIRLIGHTMAP_OFF VERTEXLIGHT_ON ok=1
Cmd: compileSnippet
  api=0 type=1 insize=6012 outsize=542 kw=DIRECTIONAL LIGHTMAP_ON DIRLIGHTMAP_OFF ok=1
Cmd: compileSnippet
  api=1 type=1 insize=6012 outsize=371 kw=DIRECTIONAL LIGHTMAP_ON DIRLIGHTMAP_OFF ok=1
Cmd: compileSnippet
  api=1 type=0 insize=3811 outsize=806 kw=POINT ok=1
Cmd: compileSnippet
  api=1 type=0 insize=3811 outsize=648 kw=DIRECTIONAL ok=1
Cmd: compileSnippet
  api=1 type=0 insize=3811 outsize=825 kw=SPOT ok=1
Cmd: compileSnippet
  api=1 type=0 insize=3811 outsize=806 kw=POINT_COOKIE ok=1
Cmd: compileSnippet
  api=0 type=0 insize=3811 outsize=1266 kw=DIRECTIONAL_COOKIE ok=1
Cmd: compileSnippet
  api=1 type=0 insize=3811 outsize=760 kw=DIRECTIONAL_COOKIE ok=1
Cmd: compileSnippet
  api=8 type=1 insize=3811 outsize=5322 kw=POINT ok=1
Cmd: compileSnippet
  api=0 type=1 insize=3811 outsize=1487 kw=POINT_COOKIE ok=1
Cmd: compileSnippet
  api=4 type=1 insize=3811 outsize=3720 kw=POINT_COOKIE ok=1
Cmd: compileSnippet
  api=1 type=1 insize=3811 outsize=1065 kw=DIRECTIONAL_COOKIE ok=1
Cmd: compileSnippet
  api=8 type=1 insize=3811 outsize=5030 kw=DIRECTIONAL_COOKIE ok=1
Cmd: compileSnippet
  api=8 type=0 insize=5336 outsize=4705 kw=DIRECTIONAL LIGHTMAP_OFF DIRLIGHTMAP_OFF ok=1
Cmd: compileSnippet
  api=4 type=0 insize=5336 outsize=4654 kw=DIRECTIONAL LIGHTMAP_OFF DIRLIGHTMAP_OFF VERTEXLIGHT_ON ok=1
Cmd: compileSnippet
  api=0 type=1 insize=5336 outsize=542 kw=DIRECTIONAL LIGHTMAP_ON DIRLIGHTMAP_OFF ok=1
Cmd: compileSnippet
  api=1 type=1 insize=5336 outsize=371 kw=DIRECTIONAL LIGHTMAP_ON DIRLIGHTMAP_OFF ok=1
Cmd: compileSnippet
  api=0 type=1 insize=5336 outsize=542 kw=DIRECTIONAL LIGHTMAP_ON DIRLIGHTMAP_ON ok=1
Cmd: compileSnippet
  api=8 type=1 insize=5336 outsize=2478 kw=DIRECTIONAL LIGHTMAP_ON DIRLIGHTMAP_ON ok=1
Cmd: compileSnippet
  api=8 type=0 insize=2853 outsize=4558 kw=POINT ok=1
Cmd: compileSnippet
  api=0 type=0 insize=2853 outsize=889 kw=POINT_COOKIE ok=1
Cmd: compileSnippet
  api=8 type=0 insize=2853 outsize=4558 kw=POINT_COOKIE ok=1
Cmd: compileSnippet
  api=0 type=1 insize=2853 outsize=598 kw=DIRECTIONAL ok=1
Cmd: compileSnippet
  api=1 type=1 insize=2853 outsize=420 kw=DIRECTIONAL ok=1
Cmd: compileSnippet
  api=1 type=1 insize=2853 outsize=702 kw=SPOT ok=1
Cmd: compileSnippet
  api=8 type=1 insize=2853 outsize=3908 kw=SPOT ok=1
Cmd: compileSnippet
  api=1 type=1 insize=1770 outsize=351 kw= ok=1
Cmd: compileSnippet
  api=8 type=0 insize=1381 outsize=1950 kw= ok=1
Cmd: compileSnippet
  api=8 type=0 insize=2154 outsize=2958 kw= ok=1
Cmd: compileSnippet
  api=0 type=1 insize=1788 outsize=505 kw= ok=1
Cmd: compileSnippet
  api=1 type=0 insize=1852 outsize=308 kw= ok=1
Cmd: compileSnippet
  api=8 type=1 insize=1852 outsize=2032 kw= ok=1
Cmd: compileSnippet
  api=1 type=1 insize=924 outsize=104 kw= ok=1
Cmd: compileSnippet
  api=1 type=0 insize=2137 outsize=425 kw= ok=1
Cmd: compileSnippet
  api=8 type=1 insize=2137 outsize=2592 kw= ok=1
Cmd: compileSnippet
  api=8 type=0 insize=1329 outsize=1950 kw= ok=1
Cmd: compileSnippet
  api=1 type=0 insize=1252 outsize=186 kw= ok=1
Cmd: compileSnippet
  api=8 type=1 insize=1252 outsize=1715 kw= ok=1
Cmd: compileSnippet
  api=1 type=1 insize=1237 outsize=217 kw= ok=1
Cmd: compileSnippet
  api=1 type=1 insize=2284 outsize=695 kw= ok=1
Cmd: compileSnippet
  api=1 type=1 insize=882 outsize=81 kw= ok=1
Cmd: compileSnippet
  api=1 type=1 insize=1051 outsize=343 kw= ok=1
Cmd: compileSnippet
  api=8 type=0 insize=1917 outsize=2430 kw= ok=1
Unhandled exception: Readfile from pipe failed. GLE=管道已结束。


Quitting shader compiler process
