Base path: D:/unity3d/Editor/Data
Pipe name: \\.\pipe\UnityShaderCompiler-3-8748
Cmd: getPlatforms
Cmd: compileSnippet
  api=8 type=0 insize=898 outsize=1690 kw= ok=1
Cmd: compileSnippet
  api=1 type=0 insize=7115 outsize=1135 kw=DIRECTIONAL LIGHTMAP_OFF DIRLIGHTMAP_OFF ok=1
Cmd: compileSnippet
  error: 2 plat 8 at (64): 'vert': output parameter 'o' not completely initialized
  error: 1 plat 8 at (84): implicit truncation of vector type
  api=8 type=0 insize=7115 outsize=0 kw=DIRECTIONAL LIGHTMAP_ON DIRLIGHTMAP_OFF ok=0
Cmd: compileSnippet
  api=0 type=0 insize=7115 outsize=2287 kw=DIRECTIONAL LIGHTMAP_OFF DIRLIGHTMAP_OFF VERTEXLIGHT_ON ok=1
Cmd: compileSnippet
  error: 2 plat 8 at (64): 'vert': output parameter 'o' not completely initialized
  error: 1 plat 8 at (84): implicit truncation of vector type
  api=8 type=0 insize=7115 outsize=0 kw=DIRECTIONAL LIGHTMAP_OFF DIRLIGHTMAP_OFF VERTEXLIGHT_ON ok=0
Cmd: compileSnippet
  api=1 type=1 insize=7115 outsize=1141 kw=DIRECTIONAL LIGHTMAP_OFF DIRLIGHTMAP_OFF ok=1
Cmd: compileSnippet
  api=4 type=1 insize=7115 outsize=2338 kw=DIRECTIONAL LIGHTMAP_ON DIRLIGHTMAP_OFF ok=1
Cmd: compileSnippet
  api=0 type=0 insize=4847 outsize=1221 kw=DIRECTIONAL ok=1
Cmd: compileSnippet
  error: 2 plat 8 at (64): 'vert': output parameter 'o' not completely initialized
  error: 1 plat 8 at (84): implicit truncation of vector type
  api=8 type=0 insize=4847 outsize=0 kw=SPOT ok=0
Cmd: compileSnippet
  api=4 type=0 insize=4847 outsize=4223 kw=POINT_COOKIE ok=1
Cmd: compileSnippet
  api=1 type=1 insize=4847 outsize=1323 kw=POINT ok=1
Cmd: compileSnippet
  api=8 type=1 insize=4847 outsize=5355 kw=DIRECTIONAL ok=1
Cmd: compileSnippet
  api=8 type=1 insize=4847 outsize=6232 kw=POINT_COOKIE ok=1
Cmd: compileSnippet
  api=8 type=0 insize=6012 outsize=6143 kw=DIRECTIONAL LIGHTMAP_OFF DIRLIGHTMAP_OFF ok=1
Cmd: compileSnippet
  api=1 type=1 insize=6012 outsize=1028 kw=DIRECTIONAL LIGHTMAP_OFF DIRLIGHTMAP_OFF ok=1
Cmd: compileSnippet
  api=8 type=1 insize=6012 outsize=2430 kw=DIRECTIONAL LIGHTMAP_ON DIRLIGHTMAP_OFF ok=1
Cmd: compileSnippet
  api=0 type=0 insize=3811 outsize=1055 kw=DIRECTIONAL ok=1
Cmd: compileSnippet
  api=0 type=0 insize=3811 outsize=1383 kw=SPOT ok=1
Cmd: compileSnippet
  api=4 type=0 insize=3811 outsize=3777 kw=SPOT ok=1
Cmd: compileSnippet
  api=8 type=0 insize=3811 outsize=5525 kw=POINT_COOKIE ok=1
Cmd: compileSnippet
  api=0 type=1 insize=3811 outsize=1187 kw=DIRECTIONAL ok=1
Cmd: compileSnippet
  api=1 type=1 insize=3811 outsize=991 kw=DIRECTIONAL ok=1
Cmd: compileSnippet
  api=1 type=1 insize=3811 outsize=1362 kw=SPOT ok=1
Cmd: compileSnippet
  api=8 type=1 insize=3811 outsize=5964 kw=SPOT ok=1
Cmd: compileSnippet
  api=1 type=0 insize=5336 outsize=694 kw=DIRECTIONAL LIGHTMAP_OFF DIRLIGHTMAP_OFF ok=1
Cmd: compileSnippet
  api=4 type=0 insize=5336 outsize=1640 kw=DIRECTIONAL LIGHTMAP_ON DIRLIGHTMAP_OFF ok=1
Cmd: compileSnippet
  api=0 type=0 insize=5336 outsize=912 kw=DIRECTIONAL LIGHTMAP_ON DIRLIGHTMAP_ON ok=1
Cmd: compileSnippet
  api=8 type=0 insize=5336 outsize=3705 kw=DIRECTIONAL LIGHTMAP_ON DIRLIGHTMAP_ON ok=1
Cmd: compileSnippet
  api=8 type=0 insize=5336 outsize=7012 kw=DIRECTIONAL LIGHTMAP_OFF DIRLIGHTMAP_OFF VERTEXLIGHT_ON ok=1
Cmd: compileSnippet
  api=8 type=1 insize=5336 outsize=2771 kw=DIRECTIONAL LIGHTMAP_OFF DIRLIGHTMAP_OFF ok=1
Cmd: compileSnippet
  api=1 type=1 insize=5336 outsize=371 kw=DIRECTIONAL LIGHTMAP_ON DIRLIGHTMAP_ON ok=1
Cmd: compileSnippet
  api=1 type=0 insize=2853 outsize=431 kw=POINT ok=1
Cmd: compileSnippet
  api=1 type=0 insize=2853 outsize=352 kw=DIRECTIONAL ok=1
Cmd: compileSnippet
  api=1 type=0 insize=2853 outsize=450 kw=SPOT ok=1
Cmd: compileSnippet
  api=4 type=0 insize=2853 outsize=3200 kw=POINT_COOKIE ok=1
Cmd: compileSnippet
  api=8 type=0 insize=2853 outsize=4526 kw=DIRECTIONAL_COOKIE ok=1
Cmd: compileSnippet
  api=1 type=1 insize=2853 outsize=557 kw=POINT ok=1
Cmd: compileSnippet
  api=8 type=1 insize=2853 outsize=2617 kw=DIRECTIONAL ok=1
Cmd: compileSnippet
  api=4 type=1 insize=2853 outsize=2347 kw=POINT_COOKIE ok=1
Cmd: compileSnippet
  api=1 type=1 insize=2853 outsize=481 kw=DIRECTIONAL_COOKIE ok=1
Cmd: compileSnippet
  api=8 type=1 insize=2853 outsize=2998 kw=DIRECTIONAL_COOKIE ok=1
Cmd: compileSnippet
  api=8 type=0 insize=1770 outsize=2430 kw= ok=1
Cmd: compileSnippet
  api=1 type=0 insize=1381 outsize=186 kw= ok=1
Cmd: compileSnippet
  api=8 type=1 insize=1381 outsize=2600 kw= ok=1
Cmd: compileSnippet
  api=1 type=1 insize=2154 outsize=461 kw= ok=1
Cmd: compileSnippet
  api=1 type=0 insize=1788 outsize=308 kw= ok=1
Cmd: compileSnippet
  api=1 type=1 insize=1788 outsize=362 kw= ok=1
Cmd: compileSnippet
  api=8 type=0 insize=2219 outsize=2958 kw= ok=1
Cmd: compileSnippet
  api=1 type=1 insize=2219 outsize=430 kw= ok=1
Cmd: compileSnippet
  api=8 type=0 insize=1852 outsize=2430 kw= ok=1
Cmd: compileSnippet
  api=1 type=0 insize=924 outsize=158 kw= ok=1
Cmd: compileSnippet
  api=8 type=0 insize=2137 outsize=2958 kw= ok=1
Cmd: compileSnippet
  api=1 type=1 insize=2137 outsize=450 kw= ok=1
Cmd: compileSnippet
  api=1 type=1 insize=1329 outsize=215 kw= ok=1
Cmd: compileSnippet
  api=8 type=0 insize=1252 outsize=1950 kw= ok=1
Cmd: compileSnippet
  api=1 type=0 insize=1237 outsize=186 kw= ok=1
Cmd: compileSnippet
  api=1 type=0 insize=2284 outsize=425 kw= ok=1
Cmd: compileSnippet
  api=1 type=0 insize=882 outsize=158 kw= ok=1
Cmd: compileSnippet
  api=8 type=1 insize=882 outsize=1048 kw= ok=1
Cmd: compileSnippet
  api=8 type=0 insize=1051 outsize=1690 kw= ok=1
Cmd: compileSnippet
  api=1 type=0 insize=1917 outsize=308 kw= ok=1
Cmd: compileSnippet
  api=8 type=1 insize=1917 outsize=2974 kw= ok=1
Unhandled exception: Readfile from pipe failed. GLE=管道已结束。


Quitting shader compiler process
